2024-07-01 11:10:28,528 INFO  TransactionLoggingAspect.logBeforeTransaction (TransactionLoggingAspect.java:19) - Starting transaction for method: ValidationMessageConfig.messageSource()
2024-07-01 11:10:28,598 INFO  TransactionLoggingAspect.logAfterTransaction (TransactionLoggingAspect.java:24) - Transaction completed successfully for method: ValidationMessageConfig.messageSource()
2024-07-01 11:15:13,542 INFO  TransactionLoggingAspect.logBeforeTransaction (TransactionLoggingAspect.java:19) - Starting transaction for method: ValidationMessageConfig.messageSource()
2024-07-01 11:15:13,700 INFO  TransactionLoggingAspect.logAfterTransaction (TransactionLoggingAspect.java:24) - Transaction completed successfully for method: ValidationMessageConfig.messageSource()
2024-07-01 12:15:12,923 INFO  TransactionLoggingAspect.logBeforeTransaction (TransactionLoggingAspect.java:19) - Starting transaction for method: ValidationMessageConfig.messageSource()
2024-07-01 12:15:12,964 INFO  TransactionLoggingAspect.logAfterTransaction (TransactionLoggingAspect.java:24) - Transaction completed successfully for method: ValidationMessageConfig.messageSource()
2024-07-01 14:28:39,489 INFO  TransactionLoggingAspect.logBeforeTransaction (TransactionLoggingAspect.java:19) - Starting transaction for method: ValidationMessageConfig.messageSource()
2024-07-01 14:28:39,521 INFO  TransactionLoggingAspect.logAfterTransaction (TransactionLoggingAspect.java:24) - Transaction completed successfully for method: ValidationMessageConfig.messageSource()
2024-07-01 15:07:45,443 INFO  TransactionLoggingAspect.logBeforeTransaction (TransactionLoggingAspect.java:23) - Starting transaction for method: ValidationMessageConfig.messageSource()
2024-07-01 15:07:45,495 INFO  TransactionLoggingAspect.logAfterTransaction (TransactionLoggingAspect.java:28) - Transaction completed successfully for method: ValidationMessageConfig.messageSource() return Obj: org.springframework.context.support.ReloadableResourceBundleMessageSource: basenames=[classpath:validationMessages]
2024-07-01 15:27:44,366 INFO  TransactionLoggingAspect.logBeforeTransaction (TransactionLoggingAspect.java:23) - Starting transaction for method: ValidationMessageConfig.messageSource()
2024-07-01 15:27:44,403 INFO  TransactionLoggingAspect.logAfterTransaction (TransactionLoggingAspect.java:28) - Transaction completed successfully for method: ValidationMessageConfig.messageSource() return Obj: org.springframework.context.support.ReloadableResourceBundleMessageSource: basenames=[classpath:validationMessages]
2024-07-01 15:32:41,958 INFO  TransactionLoggingAspect.logBeforeTransaction (TransactionLoggingAspect.java:23) - Starting transaction for method: ValidationMessageConfig.messageSource()
2024-07-01 15:32:42,020 INFO  TransactionLoggingAspect.logAfterTransaction (TransactionLoggingAspect.java:28) - Transaction completed successfully for method: ValidationMessageConfig.messageSource() return Obj: org.springframework.context.support.ReloadableResourceBundleMessageSource: basenames=[classpath:validationMessages]
2024-07-01 15:33:24,783 INFO  TransactionLoggingAspect.logBeforeTransaction (TransactionLoggingAspect.java:23) - Starting transaction for method: LoginController.loginView()
2024-07-01 15:33:24,787 INFO  TransactionLoggingAspect.logAfterTransaction (TransactionLoggingAspect.java:28) - Transaction completed successfully for method: LoginController.loginView() return Obj: login/login
2024-07-01 15:33:28,482 INFO  TransactionLoggingAspect.logBeforeTransaction (TransactionLoggingAspect.java:23) - Starting transaction for method: LoginController.doLogin(..)
2024-07-01 15:33:28,484 INFO  TransactionLoggingAspect.logBeforeTransaction (TransactionLoggingAspect.java:23) - Starting transaction for method: LoginService.doLogin(..)
2024-07-01 15:33:28,484 INFO  TransactionLoggingAspect.logBeforeTransaction (TransactionLoggingAspect.java:23) - Starting transaction for method: LoginDao.idCheck(..)
2024-07-01 15:33:30,239 INFO  TransactionLoggingAspect.logAfterTransaction (TransactionLoggingAspect.java:28) - Transaction completed successfully for method: LoginDao.idCheck(..) return Obj: 1
2024-07-01 15:33:31,251 INFO  TransactionLoggingAspect.logBeforeTransaction (TransactionLoggingAspect.java:23) - Starting transaction for method: MemberService.viewMemberDetail(..)
2024-07-01 15:33:31,253 INFO  TransactionLoggingAspect.logBeforeTransaction (TransactionLoggingAspect.java:23) - Starting transaction for method: MemberDao.selectOneMember(..)
2024-07-01 15:33:31,979 INFO  TransactionLoggingAspect.logAfterTransaction (TransactionLoggingAspect.java:28) - Transaction completed successfully for method: MemberDao.selectOneMember(..) return Obj: MemberVO(memberId=test, memberName=test, password=$2a$10$Uqdpq1rfI3JPt2EpyCzavOn6IMVcWoa6DDcUPNdZYE72gEx7bwFTi, tel=12341234, nickName=test, email=test, joinDt=2024-07-01 14:14:44, address= , no=null)
2024-07-01 15:33:31,979 INFO  TransactionLoggingAspect.logAfterTransaction (TransactionLoggingAspect.java:28) - Transaction completed successfully for method: MemberService.viewMemberDetail(..) return Obj: MemberVO(memberId=test, memberName=test, password=$2a$10$Uqdpq1rfI3JPt2EpyCzavOn6IMVcWoa6DDcUPNdZYE72gEx7bwFTi, tel=12341234, nickName=test, email=test, joinDt=2024-07-01 14:14:44, address= , no=null)
2024-07-01 15:33:32,096 INFO  TransactionLoggingAspect.logBeforeTransaction (TransactionLoggingAspect.java:23) - Starting transaction for method: MemberService.viewMemberDetail(..)
2024-07-01 15:33:32,096 INFO  TransactionLoggingAspect.logBeforeTransaction (TransactionLoggingAspect.java:23) - Starting transaction for method: MemberDao.selectOneMember(..)
2024-07-01 15:33:32,692 INFO  TransactionLoggingAspect.logAfterTransaction (TransactionLoggingAspect.java:28) - Transaction completed successfully for method: MemberDao.selectOneMember(..) return Obj: MemberVO(memberId=test, memberName=test, password=$2a$10$Uqdpq1rfI3JPt2EpyCzavOn6IMVcWoa6DDcUPNdZYE72gEx7bwFTi, tel=12341234, nickName=test, email=test, joinDt=2024-07-01 14:14:44, address= , no=null)
2024-07-01 15:33:32,693 INFO  TransactionLoggingAspect.logAfterTransaction (TransactionLoggingAspect.java:28) - Transaction completed successfully for method: MemberService.viewMemberDetail(..) return Obj: MemberVO(memberId=test, memberName=test, password=$2a$10$Uqdpq1rfI3JPt2EpyCzavOn6IMVcWoa6DDcUPNdZYE72gEx7bwFTi, tel=12341234, nickName=test, email=test, joinDt=2024-07-01 14:14:44, address= , no=null)
2024-07-01 15:33:32,903 INFO  TransactionLoggingAspect.logAfterTransaction (TransactionLoggingAspect.java:28) - Transaction completed successfully for method: LoginService.doLogin(..) return Obj: {"msgId":"30","msgContents":"test님 반갑습니다."}
2024-07-01 15:33:32,904 INFO  TransactionLoggingAspect.logAfterTransaction (TransactionLoggingAspect.java:28) - Transaction completed successfully for method: LoginController.doLogin(..) return Obj: {"msgId":"30","msgContents":"test님 반갑습니다."}
2024-07-01 15:33:33,980 INFO  TransactionLoggingAspect.logBeforeTransaction (TransactionLoggingAspect.java:23) - Starting transaction for method: QnaController.retrieveQnaArticle(..)
2024-07-01 15:33:33,987 INFO  TransactionLoggingAspect.logBeforeTransaction (TransactionLoggingAspect.java:23) - Starting transaction for method: QnaService.retrieveQnaArticle(..)
2024-07-01 15:33:33,987 INFO  TransactionLoggingAspect.logBeforeTransaction (TransactionLoggingAspect.java:23) - Starting transaction for method: QnaDao.qnaCount(..)
2024-07-01 15:33:34,058 INFO  TransactionLoggingAspect.logAfterTransaction (TransactionLoggingAspect.java:28) - Transaction completed successfully for method: QnaDao.qnaCount(..) return Obj: 31
2024-07-01 15:33:34,059 INFO  TransactionLoggingAspect.logBeforeTransaction (TransactionLoggingAspect.java:23) - Starting transaction for method: QnaDao.retrieveArticle(..)
2024-07-01 15:33:37,183 INFO  TransactionLoggingAspect.logAfterTransaction (TransactionLoggingAspect.java:28) - Transaction completed successfully for method: QnaDao.retrieveArticle(..) return Obj: [QnaVO(boardSeq=437, memberId=joo, title=dd, content=ddasdf, likeCnt=0, readCnt=1, regDt=2024-06-26 11:18:21, modDt=2024-06-26, qnaNo=null, searchKeyword=null, replyCnt=0), QnaVO(boardSeq=406, memberId=joo, title=60번째 게시글 수정, content=60번째 게시글의 내용, likeCnt=0, readCnt=1, regDt=2024-06-25 14:39:21, modDt=2024-06-26, qnaNo=null, searchKeyword=null, replyCnt=0), QnaVO(boardSeq=380, memberId=joo, title=34번째 게시글, content=34번째 게시글의 내용, likeCnt=0, readCnt=1, regDt=2024-06-25 14:39:21, modDt=2024-06-25, qnaNo=null, searchKeyword=null, replyCnt=0), QnaVO(boardSeq=381, memberId=joo, title=35번째 게시글, content=35번째 게시글의 내용, likeCnt=0, readCnt=0, regDt=2024-06-25 14:39:21, modDt=2024-06-25, qnaNo=null, searchKeyword=null, replyCnt=0), QnaVO(boardSeq=382, memberId=joo, title=36번째 게시글, content=36번째 게시글의 내용, likeCnt=0, readCnt=0, regDt=2024-06-25 14:39:21, modDt=2024-06-25, qnaNo=null, searchKeyword=null, replyCnt=0), QnaVO(boardSeq=383, memberId=joo, title=37번째 게시글, content=37번째 게시글의 내용, likeCnt=0, readCnt=0, regDt=2024-06-25 14:39:21, modDt=2024-06-25, qnaNo=null, searchKeyword=null, replyCnt=0), QnaVO(boardSeq=384, memberId=joo, title=38번째 게시글, content=38번째 게시글의 내용, likeCnt=0, readCnt=0, regDt=2024-06-25 14:39:21, modDt=2024-06-25, qnaNo=null, searchKeyword=null, replyCnt=0), QnaVO(boardSeq=385, memberId=joo, title=39번째 게시글, content=39번째 게시글의 내용, likeCnt=0, readCnt=0, regDt=2024-06-25 14:39:21, modDt=2024-06-25, qnaNo=null, searchKeyword=null, replyCnt=0), QnaVO(boardSeq=386, memberId=joo, title=40번째 게시글, content=40번째 게시글의 내용, likeCnt=0, readCnt=0, regDt=2024-06-25 14:39:21, modDt=2024-06-25, qnaNo=null, searchKeyword=null, replyCnt=0), QnaVO(boardSeq=387, memberId=joo, title=41번째 게시글, content=41번째 게시글의 내용, likeCnt=0, readCnt=0, regDt=2024-06-25 14:39:21, modDt=2024-06-25, qnaNo=null, searchKeyword=null, replyCnt=0)]
2024-07-01 15:33:37,184 INFO  TransactionLoggingAspect.logAfterTransaction (TransactionLoggingAspect.java:28) - Transaction completed successfully for method: QnaService.retrieveQnaArticle(..) return Obj: [QnaVO(boardSeq=437, memberId=joo, title=dd, content=ddasdf, likeCnt=0, readCnt=1, regDt=2024-06-26 11:18:21, modDt=2024-06-26, qnaNo=null, searchKeyword=null, replyCnt=0), QnaVO(boardSeq=406, memberId=joo, title=60번째 게시글 수정, content=60번째 게시글의 내용, likeCnt=0, readCnt=1, regDt=2024-06-25 14:39:21, modDt=2024-06-26, qnaNo=null, searchKeyword=null, replyCnt=0), QnaVO(boardSeq=380, memberId=joo, title=34번째 게시글, content=34번째 게시글의 내용, likeCnt=0, readCnt=1, regDt=2024-06-25 14:39:21, modDt=2024-06-25, qnaNo=null, searchKeyword=null, replyCnt=0), QnaVO(boardSeq=381, memberId=joo, title=35번째 게시글, content=35번째 게시글의 내용, likeCnt=0, readCnt=0, regDt=2024-06-25 14:39:21, modDt=2024-06-25, qnaNo=null, searchKeyword=null, replyCnt=0), QnaVO(boardSeq=382, memberId=joo, title=36번째 게시글, content=36번째 게시글의 내용, likeCnt=0, readCnt=0, regDt=2024-06-25 14:39:21, modDt=2024-06-25, qnaNo=null, searchKeyword=null, replyCnt=0), QnaVO(boardSeq=383, memberId=joo, title=37번째 게시글, content=37번째 게시글의 내용, likeCnt=0, readCnt=0, regDt=2024-06-25 14:39:21, modDt=2024-06-25, qnaNo=null, searchKeyword=null, replyCnt=0), QnaVO(boardSeq=384, memberId=joo, title=38번째 게시글, content=38번째 게시글의 내용, likeCnt=0, readCnt=0, regDt=2024-06-25 14:39:21, modDt=2024-06-25, qnaNo=null, searchKeyword=null, replyCnt=0), QnaVO(boardSeq=385, memberId=joo, title=39번째 게시글, content=39번째 게시글의 내용, likeCnt=0, readCnt=0, regDt=2024-06-25 14:39:21, modDt=2024-06-25, qnaNo=null, searchKeyword=null, replyCnt=0), QnaVO(boardSeq=386, memberId=joo, title=40번째 게시글, content=40번째 게시글의 내용, likeCnt=0, readCnt=0, regDt=2024-06-25 14:39:21, modDt=2024-06-25, qnaNo=null, searchKeyword=null, replyCnt=0), QnaVO(boardSeq=387, memberId=joo, title=41번째 게시글, content=41번째 게시글의 내용, likeCnt=0, readCnt=0, regDt=2024-06-25 14:39:21, modDt=2024-06-25, qnaNo=null, searchKeyword=null, replyCnt=0)]
2024-07-01 15:33:37,727 INFO  TransactionLoggingAspect.logBeforeTransaction (TransactionLoggingAspect.java:23) - Starting transaction for method: ReplyService.countReplyByBoardSeq(..)
2024-07-01 15:33:37,727 INFO  TransactionLoggingAspect.logBeforeTransaction (TransactionLoggingAspect.java:23) - Starting transaction for method: ReplyDao.countReplyByBoardSeq(..)
2024-07-01 15:33:37,733 INFO  TransactionLoggingAspect.logAfterTransaction (TransactionLoggingAspect.java:28) - Transaction completed successfully for method: ReplyDao.countReplyByBoardSeq(..) return Obj: 1
2024-07-01 15:33:37,733 INFO  TransactionLoggingAspect.logAfterTransaction (TransactionLoggingAspect.java:28) - Transaction completed successfully for method: ReplyService.countReplyByBoardSeq(..) return Obj: 1
2024-07-01 15:33:37,733 INFO  TransactionLoggingAspect.logBeforeTransaction (TransactionLoggingAspect.java:23) - Starting transaction for method: ReplyService.countReplyByBoardSeq(..)
2024-07-01 15:33:38,494 INFO  TransactionLoggingAspect.logBeforeTransaction (TransactionLoggingAspect.java:23) - Starting transaction for method: ReplyDao.countReplyByBoardSeq(..)
2024-07-01 15:33:38,500 INFO  TransactionLoggingAspect.logAfterTransaction (TransactionLoggingAspect.java:28) - Transaction completed successfully for method: ReplyDao.countReplyByBoardSeq(..) return Obj: 0
2024-07-01 15:33:38,501 INFO  TransactionLoggingAspect.logAfterTransaction (TransactionLoggingAspect.java:28) - Transaction completed successfully for method: ReplyService.countReplyByBoardSeq(..) return Obj: 0
2024-07-01 15:33:38,505 INFO  TransactionLoggingAspect.logBeforeTransaction (TransactionLoggingAspect.java:23) - Starting transaction for method: ReplyService.countReplyByBoardSeq(..)
2024-07-01 15:33:38,505 INFO  TransactionLoggingAspect.logBeforeTransaction (TransactionLoggingAspect.java:23) - Starting transaction for method: ReplyDao.countReplyByBoardSeq(..)
2024-07-01 15:33:38,528 INFO  TransactionLoggingAspect.logAfterTransaction (TransactionLoggingAspect.java:28) - Transaction completed successfully for method: ReplyDao.countReplyByBoardSeq(..) return Obj: 0
2024-07-01 15:33:38,528 INFO  TransactionLoggingAspect.logAfterTransaction (TransactionLoggingAspect.java:28) - Transaction completed successfully for method: ReplyService.countReplyByBoardSeq(..) return Obj: 0
2024-07-01 15:33:38,528 INFO  TransactionLoggingAspect.logBeforeTransaction (TransactionLoggingAspect.java:23) - Starting transaction for method: ReplyService.countReplyByBoardSeq(..)
2024-07-01 15:33:38,529 INFO  TransactionLoggingAspect.logBeforeTransaction (TransactionLoggingAspect.java:23) - Starting transaction for method: ReplyDao.countReplyByBoardSeq(..)
2024-07-01 15:33:38,532 INFO  TransactionLoggingAspect.logAfterTransaction (TransactionLoggingAspect.java:28) - Transaction completed successfully for method: ReplyDao.countReplyByBoardSeq(..) return Obj: 0
2024-07-01 15:33:38,533 INFO  TransactionLoggingAspect.logAfterTransaction (TransactionLoggingAspect.java:28) - Transaction completed successfully for method: ReplyService.countReplyByBoardSeq(..) return Obj: 0
2024-07-01 15:33:38,533 INFO  TransactionLoggingAspect.logBeforeTransaction (TransactionLoggingAspect.java:23) - Starting transaction for method: ReplyService.countReplyByBoardSeq(..)
2024-07-01 15:33:38,533 INFO  TransactionLoggingAspect.logBeforeTransaction (TransactionLoggingAspect.java:23) - Starting transaction for method: ReplyDao.countReplyByBoardSeq(..)
2024-07-01 15:33:38,536 INFO  TransactionLoggingAspect.logAfterTransaction (TransactionLoggingAspect.java:28) - Transaction completed successfully for method: ReplyDao.countReplyByBoardSeq(..) return Obj: 0
2024-07-01 15:33:38,536 INFO  TransactionLoggingAspect.logAfterTransaction (TransactionLoggingAspect.java:28) - Transaction completed successfully for method: ReplyService.countReplyByBoardSeq(..) return Obj: 0
2024-07-01 15:33:38,537 INFO  TransactionLoggingAspect.logBeforeTransaction (TransactionLoggingAspect.java:23) - Starting transaction for method: ReplyService.countReplyByBoardSeq(..)
2024-07-01 15:33:38,537 INFO  TransactionLoggingAspect.logBeforeTransaction (TransactionLoggingAspect.java:23) - Starting transaction for method: ReplyDao.countReplyByBoardSeq(..)
2024-07-01 15:33:38,748 INFO  TransactionLoggingAspect.logAfterTransaction (TransactionLoggingAspect.java:28) - Transaction completed successfully for method: ReplyDao.countReplyByBoardSeq(..) return Obj: 0
2024-07-01 15:33:38,748 INFO  TransactionLoggingAspect.logAfterTransaction (TransactionLoggingAspect.java:28) - Transaction completed successfully for method: ReplyService.countReplyByBoardSeq(..) return Obj: 0
2024-07-01 15:33:38,748 INFO  TransactionLoggingAspect.logBeforeTransaction (TransactionLoggingAspect.java:23) - Starting transaction for method: ReplyService.countReplyByBoardSeq(..)
2024-07-01 15:33:38,748 INFO  TransactionLoggingAspect.logBeforeTransaction (TransactionLoggingAspect.java:23) - Starting transaction for method: ReplyDao.countReplyByBoardSeq(..)
2024-07-01 15:33:38,752 INFO  TransactionLoggingAspect.logAfterTransaction (TransactionLoggingAspect.java:28) - Transaction completed successfully for method: ReplyDao.countReplyByBoardSeq(..) return Obj: 0
2024-07-01 15:33:38,753 INFO  TransactionLoggingAspect.logAfterTransaction (TransactionLoggingAspect.java:28) - Transaction completed successfully for method: ReplyService.countReplyByBoardSeq(..) return Obj: 0
2024-07-01 15:33:38,753 INFO  TransactionLoggingAspect.logBeforeTransaction (TransactionLoggingAspect.java:23) - Starting transaction for method: ReplyService.countReplyByBoardSeq(..)
2024-07-01 15:33:38,753 INFO  TransactionLoggingAspect.logBeforeTransaction (TransactionLoggingAspect.java:23) - Starting transaction for method: ReplyDao.countReplyByBoardSeq(..)
2024-07-01 15:33:39,227 INFO  TransactionLoggingAspect.logAfterTransaction (TransactionLoggingAspect.java:28) - Transaction completed successfully for method: ReplyDao.countReplyByBoardSeq(..) return Obj: 0
2024-07-01 15:33:39,227 INFO  TransactionLoggingAspect.logAfterTransaction (TransactionLoggingAspect.java:28) - Transaction completed successfully for method: ReplyService.countReplyByBoardSeq(..) return Obj: 0
2024-07-01 15:33:39,227 INFO  TransactionLoggingAspect.logBeforeTransaction (TransactionLoggingAspect.java:23) - Starting transaction for method: ReplyService.countReplyByBoardSeq(..)
2024-07-01 15:33:39,227 INFO  TransactionLoggingAspect.logBeforeTransaction (TransactionLoggingAspect.java:23) - Starting transaction for method: ReplyDao.countReplyByBoardSeq(..)
2024-07-01 15:33:39,237 INFO  TransactionLoggingAspect.logAfterTransaction (TransactionLoggingAspect.java:28) - Transaction completed successfully for method: ReplyDao.countReplyByBoardSeq(..) return Obj: 0
2024-07-01 15:33:39,237 INFO  TransactionLoggingAspect.logAfterTransaction (TransactionLoggingAspect.java:28) - Transaction completed successfully for method: ReplyService.countReplyByBoardSeq(..) return Obj: 0
2024-07-01 15:33:39,237 INFO  TransactionLoggingAspect.logBeforeTransaction (TransactionLoggingAspect.java:23) - Starting transaction for method: ReplyService.countReplyByBoardSeq(..)
2024-07-01 15:33:39,237 INFO  TransactionLoggingAspect.logBeforeTransaction (TransactionLoggingAspect.java:23) - Starting transaction for method: ReplyDao.countReplyByBoardSeq(..)
2024-07-01 15:33:39,512 INFO  TransactionLoggingAspect.logAfterTransaction (TransactionLoggingAspect.java:28) - Transaction completed successfully for method: ReplyDao.countReplyByBoardSeq(..) return Obj: 0
2024-07-01 15:33:39,513 INFO  TransactionLoggingAspect.logAfterTransaction (TransactionLoggingAspect.java:28) - Transaction completed successfully for method: ReplyService.countReplyByBoardSeq(..) return Obj: 0
2024-07-01 15:33:39,513 INFO  TransactionLoggingAspect.logAfterTransaction (TransactionLoggingAspect.java:28) - Transaction completed successfully for method: QnaController.retrieveQnaArticle(..) return Obj: qna/qna_list
2024-07-01 15:33:42,275 INFO  TransactionLoggingAspect.logBeforeTransaction (TransactionLoggingAspect.java:23) - Starting transaction for method: MemberController.personalMemberInfo(..)
2024-07-01 15:33:42,282 INFO  TransactionLoggingAspect.logBeforeTransaction (TransactionLoggingAspect.java:23) - Starting transaction for method: SessionCheckService.checkAndSetMemberId(..)
2024-07-01 15:33:42,285 INFO  TransactionLoggingAspect.logAfterTransaction (TransactionLoggingAspect.java:28) - Transaction completed successfully for method: SessionCheckService.checkAndSetMemberId(..) return Obj: true
2024-07-01 15:33:42,286 INFO  TransactionLoggingAspect.logBeforeTransaction (TransactionLoggingAspect.java:23) - Starting transaction for method: MemberService.viewMemberDetail(..)
2024-07-01 15:33:42,286 INFO  TransactionLoggingAspect.logBeforeTransaction (TransactionLoggingAspect.java:23) - Starting transaction for method: MemberDao.selectOneMember(..)
2024-07-01 15:33:42,392 INFO  TransactionLoggingAspect.logAfterTransaction (TransactionLoggingAspect.java:28) - Transaction completed successfully for method: MemberDao.selectOneMember(..) return Obj: MemberVO(memberId=test, memberName=test, password=$2a$10$Uqdpq1rfI3JPt2EpyCzavOn6IMVcWoa6DDcUPNdZYE72gEx7bwFTi, tel=12341234, nickName=test, email=test, joinDt=2024-07-01 14:14:44, address= , no=null)
2024-07-01 15:33:42,392 INFO  TransactionLoggingAspect.logAfterTransaction (TransactionLoggingAspect.java:28) - Transaction completed successfully for method: MemberService.viewMemberDetail(..) return Obj: MemberVO(memberId=test, memberName=test, password=$2a$10$Uqdpq1rfI3JPt2EpyCzavOn6IMVcWoa6DDcUPNdZYE72gEx7bwFTi, tel=12341234, nickName=test, email=test, joinDt=2024-07-01 14:14:44, address= , no=null)
2024-07-01 15:33:42,392 INFO  TransactionLoggingAspect.logAfterTransaction (TransactionLoggingAspect.java:28) - Transaction completed successfully for method: MemberController.personalMemberInfo(..) return Obj: member/member_mng
2024-07-01 15:33:44,631 INFO  TransactionLoggingAspect.logBeforeTransaction (TransactionLoggingAspect.java:23) - Starting transaction for method: MemberController.withdrawalMember(..)
2024-07-01 15:33:44,632 INFO  TransactionLoggingAspect.logBeforeTransaction (TransactionLoggingAspect.java:23) - Starting transaction for method: MemberService.viewMemberDetail(..)
2024-07-01 15:33:44,632 INFO  TransactionLoggingAspect.logBeforeTransaction (TransactionLoggingAspect.java:23) - Starting transaction for method: MemberDao.selectOneMember(..)
2024-07-01 15:33:44,642 INFO  TransactionLoggingAspect.logAfterTransaction (TransactionLoggingAspect.java:28) - Transaction completed successfully for method: MemberDao.selectOneMember(..) return Obj: MemberVO(memberId=test, memberName=test, password=$2a$10$Uqdpq1rfI3JPt2EpyCzavOn6IMVcWoa6DDcUPNdZYE72gEx7bwFTi, tel=12341234, nickName=test, email=test, joinDt=2024-07-01 14:14:44, address= , no=null)
2024-07-01 15:33:44,642 INFO  TransactionLoggingAspect.logAfterTransaction (TransactionLoggingAspect.java:28) - Transaction completed successfully for method: MemberService.viewMemberDetail(..) return Obj: MemberVO(memberId=test, memberName=test, password=$2a$10$Uqdpq1rfI3JPt2EpyCzavOn6IMVcWoa6DDcUPNdZYE72gEx7bwFTi, tel=12341234, nickName=test, email=test, joinDt=2024-07-01 14:14:44, address= , no=null)
2024-07-01 15:33:44,642 INFO  TransactionLoggingAspect.logBeforeTransaction (TransactionLoggingAspect.java:23) - Starting transaction for method: SessionCheckService.isSessionMatched(..)
2024-07-01 15:33:44,642 INFO  TransactionLoggingAspect.logAfterTransaction (TransactionLoggingAspect.java:28) - Transaction completed successfully for method: SessionCheckService.isSessionMatched(..) return Obj: true
2024-07-01 15:33:44,661 INFO  TransactionLoggingAspect.logBeforeTransaction (TransactionLoggingAspect.java:23) - Starting transaction for method: MemberService.withdrawalMember(..)
2024-07-01 15:33:44,662 ERROR TransactionLoggingAspect.logAfterTransactionFailure (TransactionLoggingAspect.java:33) - Transaction failed for method: MemberService.withdrawalMember(..) with exception: 삭제 실패
2024-07-01 15:33:45,147 ERROR TransactionLoggingAspect.logAfterTransactionFailure (TransactionLoggingAspect.java:33) - Transaction failed for method: MemberController.withdrawalMember(..) with exception: 삭제 실패
